<?xml version="1.0" encoding="UTF-8" ?>
<testsuite tests="11" failures="0" name="RecipeSearchTest" time="0.454" errors="0" skipped="0">
  <properties>
[...]
</properties>
  <testcase classname="RecipeSearchTest" name="readingAndNoListing" time="0.391"/>
  <testcase classname="RecipeSearchTest" name="searchByCookingTime1" time="0"/>
  <testcase classname="RecipeSearchTest" name="searchByCookingTime2" time="0.016"/>
  <testcase classname="RecipeSearchTest" name="searchByCookingTime3" time="0"/>
  <testcase classname="RecipeSearchTest" name="readingAndListing1" time="0.015"/>
  <testcase classname="RecipeSearchTest" name="readingAndListing2" time="0"/>
  <testcase classname="RecipeSearchTest" name="searchByName1" time="0"/>
  <testcase classname="RecipeSearchTest" name="searchByName2" time="0.016"/>
  <testcase classname="RecipeSearchTest" name="searchByIngredient1" time="0"/>
  <testcase classname="RecipeSearchTest" name="searchByIngredient2" time="0.016"/>
  <testcase classname="RecipeSearchTest" name="searchByIngredient3" time="0"/>
</testsuite>